<?xml version="1.0" encoding="UTF-8"?>
<testsuite name="br.com.codenation.BillingProcessorSubmitTest" tests="4" skipped="0" failures="0" errors="0" timestamp="2020-05-26T16:44:04" hostname="Dell-Inspiron" time="0.165">
  <properties/>
  <testcase name="testCashPayment" classname="br.com.codenation.BillingProcessorSubmitTest" time="0.134"/>
  <testcase name="testTransferPayment" classname="br.com.codenation.BillingProcessorSubmitTest" time="0.009"/>
  <testcase name="testDebitCardPayment" classname="br.com.codenation.BillingProcessorSubmitTest" time="0.011"/>
  <testcase name="testCreditCardPayment" classname="br.com.codenation.BillingProcessorSubmitTest" time="0.011"/>
  <system-out><![CDATA[]]></system-out>
  <system-err><![CDATA[]]></system-err>
</testsuite>
