<?xml version="1.0" encoding="UTF-8"?>
<testsuite name="challenge.SubmitTest" tests="6" skipped="0" failures="0" errors="0" timestamp="2020-03-31T18:59:44" hostname="Dell-Inspiron" time="5.115">
  <properties/>
  <testcase name="q1" classname="challenge.SubmitTest" time="1.389"/>
  <testcase name="q2" classname="challenge.SubmitTest" time="0.912"/>
  <testcase name="q3" classname="challenge.SubmitTest" time="0.833"/>
  <testcase name="q4" classname="challenge.SubmitTest" time="0.702"/>
  <testcase name="q5" classname="challenge.SubmitTest" time="0.647"/>
  <testcase name="q6" classname="challenge.SubmitTest" time="0.631"/>
  <system-out><![CDATA[]]></system-out>
  <system-err><![CDATA[]]></system-err>
</testsuite>
